<?xml version="1.0" encoding="UTF-8"?>
<!-- Generated by org.testng.reporters.JUnitReportReporter -->
<testsuite hostname="home-laptop" failures="0" tests="1" name="com.amazon.tests.AddToCartTest" time="52.440" errors="0" timestamp="2024-09-12T20:42:50 IST" skipped="0">
  <testcase classname="com.amazon.tests.AddToCartTest" name="addProductToCartTest" time="52.440"/>
</testsuite> <!-- com.amazon.tests.AddToCartTest -->
